<?xml version="1.0" encoding="UTF-8"?>
<!-- Generated by org.testng.reporters.JUnitReportReporter -->
<testsuite hostname="DESKTOP-74AA2QA" failures="0" tests="1" name="com.jenkinsproject30.testjenkins.Tc2Test" time="0.023" errors="0" timestamp="2023-11-30T14:50:11 IST" skipped="0">
  <testcase classname="com.jenkinsproject30.testjenkins.Tc2Test" name="test3" time="0.023"/>
  <system-out/>
</testsuite> <!-- com.jenkinsproject30.testjenkins.Tc2Test -->
