<?xml version="1.0" encoding="UTF-8"?>
<!-- Generated by org.testng.reporters.JUnitReportReporter -->
<testsuite hostname="DESKTOP-74AA2QA" failures="0" tests="1" name="com.jenkinsproject30.testjenkins.Tc1" time="0.015" errors="0" timestamp="2023-11-30T12:32:58 IST" skipped="0">
  <testcase classname="com.jenkinsproject30.testjenkins.Tc1" name="test1" time="0.015"/>
  <system-out/>
</testsuite> <!-- com.jenkinsproject30.testjenkins.Tc1 -->
