<?xml version="1.0" encoding="UTF-8"?>
<!-- Generated by org.testng.reporters.JUnitReportReporter -->
<testsuite hostname="DESKTOP-74AA2QA" failures="0" tests="1" name="com.jenkinsproject30.testjenkins.Tc1Test" time="19.804" errors="0" timestamp="2023-11-30T13:01:47 IST" skipped="0">
  <testcase classname="com.jenkinsproject30.testjenkins.Tc1Test" name="test1" time="19.804"/>
  <system-out/>
</testsuite> <!-- com.jenkinsproject30.testjenkins.Tc1Test -->
