<?xml version="1.0" encoding="UTF-8"?>
<!-- Generated by org.testng.reporters.JUnitReportReporter -->
<testsuite hostname="DESKTOP-74AA2QA" failures="0" tests="1" name="com.jenkinsproject30.testjenkins.Tc2" time="0.008" errors="0" timestamp="2023-11-30T12:32:58 IST" skipped="0">
  <testcase classname="com.jenkinsproject30.testjenkins.Tc2" name="test" time="0.008"/>
  <system-out/>
</testsuite> <!-- com.jenkinsproject30.testjenkins.Tc2 -->
